c:\users\barak\source\repos\solutioneffi\תרגילי כיתה אפי 34 - 40\debug\vc141.pdb
c:\users\barak\source\repos\solutioneffi\תרגילי כיתה אפי 34 - 40\debug\vc141.idb
c:\users\barak\source\repos\solutioneffi\תרגילי כיתה אפי 34 - 40\debug\תרגיל36.1.obj
c:\users\barak\source\repos\solutioneffi\תרגילי כיתה אפי 34 - 40\debug\תרגיל 40.obj
c:\users\barak\source\repos\solutioneffi\תרגילי כיתה אפי 34 - 40\debug\תרגיל 39.obj
c:\users\barak\source\repos\solutioneffi\תרגילי כיתה אפי 34 - 40\debug\תרגיל 38.obj
c:\users\barak\source\repos\solutioneffi\תרגילי כיתה אפי 34 - 40\debug\תרגיל 37.obj
c:\users\barak\source\repos\solutioneffi\תרגילי כיתה אפי 34 - 40\debug\מוחק את כל הכפילויות במשפט.obj
c:\users\barak\source\repos\solutioneffi\תרגילי כיתה אפי 34 - 40\debug\תרגיל 36.obj
c:\users\barak\source\repos\solutioneffi\תרגילי כיתה אפי 34 - 40\debug\תרגיל 35.obj
c:\users\barak\source\repos\solutioneffi\תרגילי כיתה אפי 34 - 40\debug\תרגיל 34.obj
c:\users\barak\source\repos\solutioneffi\תרגילי כיתה אפי 34 - 40\debug\תרגיל 34.1.obj
c:\users\barak\source\repos\solutioneffi\debug\תרגילי כיתה אפי 34 - 40.exe
c:\users\barak\source\repos\solutioneffi\debug\תרגילי כיתה אפי 34 - 40.ilk
c:\users\barak\source\repos\solutioneffi\debug\תרגילי כיתה אפי 34 - 40.pdb
c:\users\barak\source\repos\solutioneffi\תרגילי כיתה אפי 34 - 40\debug\תרגילי כ.2346eb9e.tlog\cl.command.1.tlog
c:\users\barak\source\repos\solutioneffi\תרגילי כיתה אפי 34 - 40\debug\תרגילי כ.2346eb9e.tlog\cl.read.1.tlog
c:\users\barak\source\repos\solutioneffi\תרגילי כיתה אפי 34 - 40\debug\תרגילי כ.2346eb9e.tlog\cl.write.1.tlog
c:\users\barak\source\repos\solutioneffi\תרגילי כיתה אפי 34 - 40\debug\תרגילי כ.2346eb9e.tlog\link.command.1.tlog
c:\users\barak\source\repos\solutioneffi\תרגילי כיתה אפי 34 - 40\debug\תרגילי כ.2346eb9e.tlog\link.read.1.tlog
c:\users\barak\source\repos\solutioneffi\תרגילי כיתה אפי 34 - 40\debug\תרגילי כ.2346eb9e.tlog\link.write.1.tlog
